
****** PlanAhead v14.7
  **** Build 321239 by xbuild on Fri Sep 27 19:31:35 MDT 2013
    ** Copyright 1986-1999, 2001-2013 Xilinx, Inc. All Rights Reserved.

INFO: [Common 17-78] Attempting to get a license: PlanAhead
INFO: [Common 17-290] Got license for PlanAhead
INFO: [Device 21-36] Loading parts and site information from D:/Xilinx/14.7/ISE_DS/PlanAhead/data/parts/arch.xml
Parsing RTL primitives file [D:/Xilinx/14.7/ISE_DS/PlanAhead/data/parts/xilinx/rtl/prims/rtl_prims.xml]
Finished parsing RTL primitives file [D:/Xilinx/14.7/ISE_DS/PlanAhead/data/parts/xilinx/rtl/prims/rtl_prims.xml]
start_gui
source {E:/Xilinx Project/fpga_test/pa.fromHdl.tcl}
# create_project -name fpga_test -dir "E:/Xilinx Project/fpga_test/planAhead_run_2" -part xc6slx9tqg144-3
# set_param project.pinAheadLayout yes
# set srcset [get_property srcset [current_run -impl]]
# set_property target_constrs_file "fpga_test.ucf" [current_fileset -constrset]
Adding file 'E:/Xilinx Project/fpga_test/fpga_test.ucf' to fileset 'constrs_1'
# set hdlfile [add_files [list {Counter0to9.vf}]]
# set_property file_type Verilog $hdlfile
# set_property library work $hdlfile
# set hdlfile [add_files [list {Counter0to3.vf}]]
# set_property file_type Verilog $hdlfile
# set_property library work $hdlfile
# set hdlfile [add_files [list {HexTo7Seg.vf}]]
# set_property file_type Verilog $hdlfile
# set_property library work $hdlfile
# set hdlfile [add_files [list {Clock_Divider.vf}]]
# set_property file_type Verilog $hdlfile
# set_property library work $hdlfile
# set hdlfile [add_files [list {Counter1to6.vf}]]
# set_property file_type Verilog $hdlfile
# set_property library work $hdlfile
# set hdlfile [add_files [list {fpga_test.vf}]]
# set_property file_type Verilog $hdlfile
# set_property library work $hdlfile
# set_property top fpga_test $srcset
# add_files [list {fpga_test.ucf}] -fileset [get_property constrset [current_run]]
# open_rtl_design -part xc6slx9tqg144-3
Using Verific elaboration
Parsing VHDL file "D:/Xilinx/14.7/ISE_DS/PlanAhead/data/parts/xilinx/rtl/lib/synplify/synattr.vhd" into library synplify
Analyzing Verilog file "E:/Xilinx Project/fpga_test/HexTo7Seg.vf" into library work
Analyzing Verilog file "E:/Xilinx Project/fpga_test/Counter1to6.vf" into library work
Analyzing Verilog file "E:/Xilinx Project/fpga_test/Clock_Divider.vf" into library work
Analyzing Verilog file "E:/Xilinx Project/fpga_test/fpga_test.vf" into library work
Loading clock regions from D:/Xilinx/14.7/ISE_DS/PlanAhead/data\parts/xilinx/spartan6/spartan6lx/xc6slx9/ClockRegion.xml
Loading clock buffers from D:/Xilinx/14.7/ISE_DS/PlanAhead/data\parts/xilinx/spartan6/spartan6lx/xc6slx9/ClockBuffers.xml
Loading package pin functions from D:/Xilinx/14.7/ISE_DS/PlanAhead/data\parts/xilinx/spartan6/PinFunctions.xml...
Loading package from D:/Xilinx/14.7/ISE_DS/PlanAhead/data\parts/xilinx/spartan6/spartan6lx/xc6slx9/tqg144/Package.xml
Loading io standards from D:/Xilinx/14.7/ISE_DS/PlanAhead/data\./parts/xilinx/spartan6/IOStandards.xml
Loading device configuration modes from D:/Xilinx/14.7/ISE_DS/PlanAhead/data\parts/xilinx/spartan6/ConfigModes.xml
Loading list of drcs for the architecture : D:/Xilinx/14.7/ISE_DS/PlanAhead/data\./parts/xilinx/spartan6/drc.xml
Parsing UCF File [E:/Xilinx Project/fpga_test/fpga_test.ucf]
CRITICAL WARNING: [Constraints 18-11] Could not find net or pin 'P27' [E:/Xilinx Project/fpga_test/fpga_test.ucf:4]
CRITICAL WARNING: [Constraints 18-11] Could not find net or pin 'P29' [E:/Xilinx Project/fpga_test/fpga_test.ucf:5]
CRITICAL WARNING: [Constraints 18-11] Could not find net or pin 'P32' [E:/Xilinx Project/fpga_test/fpga_test.ucf:6]
CRITICAL WARNING: [Constraints 18-11] Could not find net or pin 'P34' [E:/Xilinx Project/fpga_test/fpga_test.ucf:7]
CRITICAL WARNING: [Constraints 18-11] Could not find net or pin 'P35' [E:/Xilinx Project/fpga_test/fpga_test.ucf:8]
CRITICAL WARNING: [Constraints 18-11] Could not find net or pin 'P40' [E:/Xilinx Project/fpga_test/fpga_test.ucf:9]
CRITICAL WARNING: [Constraints 18-11] Could not find net or pin 'P41' [E:/Xilinx Project/fpga_test/fpga_test.ucf:10]
CRITICAL WARNING: [Constraints 18-11] Could not find net or pin 'P_123' [E:/Xilinx Project/fpga_test/fpga_test.ucf:11]
Finished Parsing UCF File [E:/Xilinx Project/fpga_test/fpga_test.ucf]
INFO: [Designutils 20-20] Invalid constraints found, use command 'write_ucf -constraints invalid <file>' to save all the invalid constraints to a file
INFO: [Project 1-111] Unisim Transformation Summary:
No Unisim elements were transformed.

Phase 0 | Netlist Checksum: 71f718d8
open_rtl_design: Time (s): elapsed = 00:00:06 . Memory (MB): peak = 599.684 ; gain = 122.902
update_compile_order -fileset sim_1
exit
ERROR: [Common 17-39] 'stop_gui' failed due to earlier errors.
INFO: [Common 17-206] Exiting PlanAhead at Tue Dec 07 17:17:43 2021...
INFO: [Common 17-83] Releasing license: PlanAhead
